info: [object Object],[object Object]
info: [object Object]
info: Accept,*/*,User-Agent,node-fetch/1.0 (+https://github.com/bitinn/node-fetch),Accept-Encoding,gzip,deflate,Connection,close,Host,localhost:8087
undefined [undefined] info: Server is listening on port 8087
undefined [undefined] info: Accept,*/*,User-Agent,node-fetch/1.0 (+https://github.com/bitinn/node-fetch),Accept-Encoding,gzip,deflate,Connection,close,Host,localhost:8087
2023-06-15T01:54:19.601Z [right meow!] info: Server is listening on port 8087
2023-06-15T01:55:32.527Z [right meow!] info: Accept,*/*,User-Agent,node-fetch/1.0 (+https://github.com/bitinn/node-fetch),Accept-Encoding,gzip,deflate,Connection,close,Host,localhost:8087
2023-06-15T02:08:05.470Z [undefined] info: Server is listening on port 8087
2023-06-15T02:15:09.194Z-info: Server is listening on port 8087
2023-06-15T02:41:23.470Z-info: Server is listening on port 8087
2023-06-15T02:42:21.015Z-info: Server is listening on port 8087
2023-06-15T02:42:37.500Z-info: Server is listening on port 8087
2023-06-15T02:42:59.142Z-info: Server is listening on port 8087
2023-06-15T02:43:00.804Z-info: Accept,*/*,User-Agent,node-fetch/1.0 (+https://github.com/bitinn/node-fetch),Accept-Encoding,gzip,deflate,Connection,close,Host,localhost:8087
2023-06-15T02:43:09.416Z-info: Accept,*/*,User-Agent,node-fetch/1.0 (+https://github.com/bitinn/node-fetch),Accept-Encoding,gzip,deflate,Connection,close,Host,localhost:8087
2023-06-15T02:43:10.086Z-info: Accept,*/*,User-Agent,node-fetch/1.0 (+https://github.com/bitinn/node-fetch),Accept-Encoding,gzip,deflate,Connection,close,Host,localhost:8087
2023-06-15T02:43:32.056Z-info: Server is listening on port 8087
2023-06-15T02:43:36.359Z-info: Accept,*/*,User-Agent,node-fetch/1.0 (+https://github.com/bitinn/node-fetch),Accept-Encoding,gzip,deflate,Connection,close,Host,localhost:8087
2023-06-15T02:44:45.102Z-info: Server is listening on port 8087
2023-06-15T02:44:47.482Z-info: Accept,*/*,User-Agent,node-fetch/1.0 (+https://github.com/bitinn/node-fetch),Accept-Encoding,gzip,deflate,Connection,close,Host,localhost:8087
2023-06-15T02:46:37.712Z-info: Server is listening on port 8087
2023-06-15T02:46:44.874Z-info: Accept,*/*,User-Agent,node-fetch/1.0 (+https://github.com/bitinn/node-fetch),Accept-Encoding,gzip,deflate,Connection,close,Host,localhost:8087
