2023-06-19T23:35:36.997Z-error: Error creating patient: {"nombre":"Sergio","apellido":"Gomez","identificacion":"212","telefono":3124121222}
2023-06-19T23:36:37.292Z-error: Error creating patient: {"nombre":"Sergio","apellido":"Gomez","identificacion":"212","telefono":3124121222}
2023-06-19T23:42:02.505Z-error: Error creating patient: {"nombre":"Sergio","apellido":"Gomez","identificacion":"212","telefono":3124121222}
2023-06-19T23:42:04.073Z-error: Error creating patient: {"nombre":"Sergio","apellido":"Gomez","identificacion":"212","telefono":3124121222}
2023-06-19T23:42:05.474Z-error: Error creating patient: {"nombre":"Sergio","apellido":"Gomez","identificacion":"212","telefono":3124121222}
2023-06-19T23:43:12.392Z-error: message: el campo identificacion es obligatorio
2023-06-19T23:43:14.514Z-error: message: el campo identificacion es obligatorio
2023-06-19T23:43:14.656Z-error: message: el campo identificacion es obligatorio
2023-06-20T00:12:14.618Z-error: Error creating doctor: {"horario":"9:00 am","id_doctor":1,"identificacion_paciente":"213","especialidad":"Cardiología"}
2023-06-21T01:14:44.172Z-error: Internal Server Error
2023-06-21T01:14:58.677Z-error: Internal Server Error
2023-06-21T01:17:46.348Z-error: Internal Server Error
2023-06-21T01:17:57.997Z-error: Internal Server Error
2023-06-21T01:18:26.455Z-error: Internal Server Error
2023-06-21T02:10:27.870Z-error: Internal Server Error
2023-06-21T02:14:19.430Z-error: Internal Server Error
2023-06-21T02:15:50.022Z-error: Internal Server Error
2023-06-21T02:26:41.298Z-error: Internal Server Error
2023-06-21T02:27:31.491Z-error: Internal Server Error
2023-06-21T02:33:25.806Z-error: Internal Server Error
2023-06-21T02:33:25.810Z-error: Internal Server Error
2023-06-21T02:34:25.555Z-error: Internal Server Error
2023-06-21T02:34:25.560Z-error: Internal Server Error
2023-06-21T02:34:52.729Z-error: Internal Server Error
2023-06-21T02:34:52.735Z-error: Internal Server Error
2023-06-21T02:42:28.591Z-error: Internal Server Error
2023-06-21T02:42:28.597Z-error: Internal Server Error
2023-06-21T02:44:20.247Z-error: Internal Server Error
2023-06-21T02:44:20.252Z-error: Internal Server Error
2023-06-21T03:01:18.481Z-error: Internal Server Error
2023-06-21T03:01:18.487Z-error: Internal Server Error
2023-06-21T03:02:57.369Z-error: Internal Server Error
2023-06-21T03:02:57.374Z-error: Internal Server Error
2023-06-21T03:05:24.303Z-error: Internal Server Error
2023-06-21T03:05:24.308Z-error: Internal Server Error
2023-06-21T03:08:52.321Z-error: Internal Server Error
2023-06-21T03:08:52.327Z-error: Internal Server Error
2023-07-02T20:13:35.337Z-error: Id must be a number
2023-07-02T20:13:48.724Z-error: select * from "citas1" - relation "citas1" does not exist
2023-07-02T20:13:48.725Z-error: Failed getting all appointments from service
2023-07-02T20:13:53.562Z-error: select * from "citas1" - relation "citas1" does not exist
2023-07-02T20:13:53.563Z-error: Failed getting all appointments from service
2023-07-02T20:13:57.126Z-error: select * from "citas1" - relation "citas1" does not exist
2023-07-02T20:13:57.127Z-error: Failed getting all appointments from service
2023-07-02T22:52:32.505Z-error: Failed updated appointment in repository
2023-07-02T23:09:55.840Z-error: Failed to get appointment from service
2023-07-02T23:09:55.840Z-error: Record has not found yet
2023-07-02T23:10:05.206Z-error: Failed updated appointment in repository
2023-07-02T23:13:06.404Z-error: Failed updated appointment in repository
2023-07-02T23:13:40.385Z-error: Failed updated appointment in repository
2023-07-02T23:14:15.113Z-error: Failed updated appointment in repository
2023-07-02T23:14:33.676Z-error: Failed updated appointment in repository
2023-07-02T23:16:09.357Z-error: Failed updated appointment in repository
2023-07-02T23:20:28.711Z-error: Failed updated appointment in repository
2023-07-02T23:51:43.589Z-error: Failed updated appointment in repository
2023-07-03T00:00:01.336Z-error: Failed updated appointment in repository
2023-07-03T00:03:06.403Z-error: Failed updated appointment in repository
2023-07-03T00:21:54.615Z-error: Failed updated appointment in repository
2023-07-03T00:46:15.507Z-error: Failed updated appointment in repository
2023-07-03T00:46:15.508Z-error: Failed to update appointment from service
2023-07-03T00:46:15.508Z-error: Failed to update appointment
2023-07-03T00:46:28.257Z-error: Failed updated appointment in repository
2023-07-03T00:46:28.258Z-error: Failed to update appointment from service
2023-07-03T00:46:28.259Z-error: Failed to update appointment
2023-07-03T00:49:17.876Z-error: Failed updated appointment in repository
2023-07-03T00:49:17.895Z-error: Failed to update appointment from service
2023-07-03T00:49:17.896Z-error: Failed to update appointment
2023-07-03T01:09:26.174Z-error: Failed updated appointment in repository
2023-07-03T01:09:26.175Z-error: Failed to update appointment from service
2023-07-03T01:09:26.175Z-error: Failed to update appointment
2023-07-03T01:27:16.972Z-error: Failed to create appointment from service
2023-07-03T01:35:45.552Z-error: Failed to create appointment dubt: 
2023-07-03T01:35:45.553Z-error: Failed to create appointment
2023-07-03T01:35:47.140Z-error: Failed to create appointment dubt: 
2023-07-03T01:35:47.141Z-error: Failed to create appointment
2023-07-03T01:35:47.739Z-error: Failed to create appointment dubt: 
2023-07-03T01:35:47.739Z-error: Failed to create appointment
2023-07-03T01:37:39.117Z-error: Failed to create appointment dubt: 
2023-07-03T01:37:39.118Z-error: Failed to create appointment
2023-07-03T01:37:41.810Z-error: Failed to create appointment dubt: 
2023-07-03T01:37:41.810Z-error: Failed to create appointment
2023-07-03T01:37:50.307Z-error: Failed to create appointment dubt: 
2023-07-03T01:37:50.308Z-error: Failed to create appointment
2023-07-03T01:40:28.108Z-error: Failed to create appointment dubt:  insert into "citas" ("especialidad", "horario", "id_doctor", "identificacion_paciente") values ($1, $2, $3, $4) returning * - insert or update on table "citas" violates foreign key constraint "fk_pacientes"
2023-07-03T01:40:28.109Z-error: Failed to create appointment
2023-07-03T04:18:31.003Z-error: Failed updated appointment in repository
2023-07-03T04:18:31.003Z-error: Failed to update patient from service
2023-07-03T04:18:31.004Z-error: Failed to update patient
2023-07-03T04:18:41.795Z-error: Failed updated appointment in repository
2023-07-03T04:18:41.796Z-error: Failed to update patient from service
2023-07-03T04:18:41.796Z-error: Failed to update patient
2023-07-03T04:18:42.525Z-error: Failed updated appointment in repository
2023-07-03T04:18:42.526Z-error: Failed to update patient from service
2023-07-03T04:18:42.526Z-error: Failed to update patient
2023-07-03T04:18:53.680Z-error: Failed updated appointment in repository
2023-07-03T04:18:53.680Z-error: Failed to update patient from service
2023-07-03T04:18:53.681Z-error: Failed to update patient
2023-07-03T04:18:57.305Z-error: Failed updated appointment in repository
2023-07-03T04:18:57.306Z-error: Failed to update patient from service
2023-07-03T04:18:57.306Z-error: Failed to update patient
2023-07-03T04:22:18.436Z-error: Failed updated appointment in repository
2023-07-03T04:22:18.437Z-error: Failed to update patient from service
2023-07-03T04:22:18.437Z-error: Failed to update patient
2023-07-03T04:27:43.116Z-error: Failed updated patient in repository
2023-07-03T04:27:43.117Z-error: Failed to update patient from service
2023-07-03T04:27:43.117Z-error: Failed to update patient
2023-07-03T04:33:30.926Z-error: Failed updated patient in repository
2023-07-03T04:33:30.927Z-error: Failed to update patient from service
2023-07-03T04:33:30.927Z-error: Failed to update patient
2023-07-03T04:40:01.715Z-error: Failed updated patient in repository
2023-07-03T04:40:01.715Z-error: Failed to update patient from service
2023-07-03T04:40:01.716Z-error: Failed to update patient
2023-07-03T04:53:48.017Z-error: Failed updated patient in repository
2023-07-03T04:53:48.017Z-error: Failed to update patient from service
2023-07-03T04:53:48.018Z-error: Failed to update patient
2023-07-03T04:58:21.752Z-error: Failed updated patient in repository
2023-07-03T04:58:21.752Z-error: Failed to update patient from service
2023-07-03T04:58:21.753Z-error: Failed to update patient
2023-07-03T05:05:28.529Z-error: Failed updated patient in repository
2023-07-03T05:05:28.529Z-error: Failed to update patient from service
2023-07-03T05:05:28.530Z-error: Failed to update patient
2023-07-03T05:06:49.969Z-error: Failed updated patient in repository
2023-07-03T05:06:49.970Z-error: Failed to update patient from service
2023-07-03T05:06:49.970Z-error: Failed to update patient
2023-07-03T05:08:06.510Z-error: Failed updated patient in repository
2023-07-03T05:08:06.511Z-error: Failed to update patient from service
2023-07-03T05:08:06.511Z-error: Failed to update patient
2023-07-03T05:09:13.471Z-error: Failed updated patient in repository
2023-07-03T05:09:13.471Z-error: Failed to update patient from service
2023-07-03T05:09:13.472Z-error: Failed to update patient
2023-07-03T05:10:10.853Z-error: Failed updated patient in repository
2023-07-03T05:10:10.854Z-error: Failed to update patient from service
2023-07-03T05:10:10.854Z-error: Failed to update patient
2023-07-03T05:14:18.812Z-error: Failed to update patient from service
2023-07-03T05:14:18.812Z-error: Failed to update patient from service
2023-07-03T05:14:18.813Z-error: Failed to update patient
2023-07-03T05:14:51.363Z-error: Failed to update patient from service
2023-07-03T05:14:51.363Z-error: Failed to update patient from service
2023-07-03T05:14:51.364Z-error: Failed to update patient
2023-07-03T05:19:27.977Z-error: Failed updated patient in repository
2023-07-03T05:19:27.977Z-error: Failed to update patient from service
2023-07-03T05:19:27.978Z-error: Failed to update patient
2023-07-03T05:23:23.642Z-error: Failed updated patient in repository
2023-07-03T05:23:23.642Z-error: Failed to update patient from service
2023-07-03T05:23:23.643Z-error: Failed to update patient
2023-07-03T05:24:06.939Z-error: Failed updated patient in repository
2023-07-03T05:24:06.940Z-error: Failed to update patient from service
2023-07-03T05:24:06.940Z-error: Failed to update patient
2023-07-03T05:40:26.812Z-error: Failed to create appointment dubt:  insert into "citas" ("created_at", "especialidad", "horario", "id_doctor", "identificacion_paciente") values ($1, $2, $3, $4, $5) returning * - insert or update on table "citas" violates foreign key constraint "fk_pacientes"
2023-07-03T05:40:26.813Z-error: Failed to create appointment
2023-07-05T18:21:23.307Z-error: Failed deleting patient in repository
2023-07-05T18:21:23.307Z-error: Failed to delete patientPatientDeleteError: Failed to delete patient
2023-07-05T18:21:23.308Z-error: Failed to delete patient from controllerRecordNotFound: Record has not found yet
2023-07-05T18:22:53.799Z-error: Failed deleting patient in repositoryerror: delete from "pacientes" where "id_paciente" = $1 - update or delete on table "pacientes" violates foreign key constraint "fk_pacientes" on table "citas"
2023-07-05T18:22:53.800Z-error: Failed to delete patientPatientDeleteError: Failed to delete patient
2023-07-05T18:22:53.800Z-error: Failed to delete patient from controllerRecordNotFound: Record has not found yet
2023-07-05T19:11:03.402Z-error: Failed deleting patient in repositoryerror: delete from "pacientes" where "id_paciente" = $1 - update or delete on table "pacientes" violates foreign key constraint "fk_pacientes" on table "citas"
2023-07-05T22:59:49.922Z-error: Failed to create appointment dubt:  insert into "citas" ("created_at", "especialidad", "horario", "id_doctor", "identificacion_paciente") values ($1, $2, $3, $4, $5) returning * - insert or update on table "citas" violates foreign key constraint "fk_pacientes"
2023-07-05T22:59:49.926Z-error: Failed to create appointment
2023-07-05T23:19:03.661Z-error: Failed to create appointment dubt:  insert into "citas" ("created_at", "especialidad", "horario", "id_doctor", "identificacion_paciente") values ($1, $2, $3, $4, $5) returning * - insert or update on table "citas" violates foreign key constraint "paciente_num_id"
2023-07-05T23:19:03.662Z-error: Failed to create appointment
2023-07-05T23:26:47.376Z-error: Failed to create appointment dubt:  insert into "citas" ("created_at", "especialidad", "horario", "id_doctor", "identificacion_paciente") values ($1, $2, $3, $4, $5) returning * - insert or update on table "citas" violates foreign key constraint "doctor_id"
2023-07-05T23:26:47.376Z-error: Failed to create appointment
2023-07-05T23:26:59.649Z-error: Failed to create appointment dubt:  insert into "citas" ("created_at", "especialidad", "horario", "id_doctor", "identificacion_paciente") values ($1, $2, $3, $4, $5) returning * - insert or update on table "citas" violates foreign key constraint "doctor_id"
2023-07-05T23:26:59.649Z-error: Failed to create appointment
2023-07-05T23:27:03.796Z-error: Failed to create appointment dubt:  insert into "citas" ("created_at", "especialidad", "horario", "id_doctor", "identificacion_paciente") values ($1, $2, $3, $4, $5) returning * - insert or update on table "citas" violates foreign key constraint "doctor_id"
2023-07-05T23:27:03.797Z-error: Failed to create appointment
2023-07-05T23:31:10.882Z-error: Failed to delete appointment from service
2023-07-05T23:31:10.882Z-error: Failed to delete appointment from service
2023-07-05T23:31:10.883Z-error: Record has not found yet
2023-07-05T23:31:17.774Z-error: Failed to delete appointment from service
2023-07-05T23:31:17.774Z-error: Failed to delete appointment from service
2023-07-05T23:31:17.775Z-error: Record has not found yet
2023-07-05T23:31:19.120Z-error: Failed to delete appointment from service
2023-07-05T23:31:19.120Z-error: Failed to delete appointment from service
2023-07-05T23:31:19.121Z-error: Record has not found yet
2023-07-05T23:35:49.848Z-error: Failed to delete appointment from service
2023-07-05T23:35:49.848Z-error: Failed to delete appointment
2023-07-05T23:35:57.899Z-error: Failed to delete appointment from service
2023-07-05T23:35:57.899Z-error: Failed to delete appointment
2023-07-05T23:39:43.331Z-error: Failed to delete appointment from service
2023-07-05T23:39:43.332Z-error: Failed to delete appointment
2023-07-05T23:39:43.465Z-error: Failed to delete appointment from service
2023-07-05T23:39:43.466Z-error: Failed to delete appointment
2023-07-05T23:39:43.637Z-error: Failed to delete appointment from service
2023-07-05T23:39:43.637Z-error: Failed to delete appointment
2023-07-05T23:39:43.841Z-error: Failed to delete appointment from service
2023-07-05T23:39:43.841Z-error: Failed to delete appointment
2023-07-05T23:41:10.783Z-error: Failed to delete patient
2023-07-05T23:41:10.784Z-error: Failed to delete patient
2023-07-05T23:41:10.784Z-error: Failed to delete patient from controllerRecordNotFound: Record has not found yet
2023-07-05T23:41:10.877Z-error: Failed to delete patient
2023-07-05T23:41:10.878Z-error: Failed to delete patient
2023-07-05T23:41:10.878Z-error: Failed to delete patient from controllerRecordNotFound: Record has not found yet
2023-07-05T23:41:11.050Z-error: Failed to delete patient
2023-07-05T23:41:11.050Z-error: Failed to delete patient
2023-07-05T23:41:11.051Z-error: Failed to delete patient from controllerRecordNotFound: Record has not found yet
2023-07-05T23:41:21.982Z-error: Failed to delete patient
2023-07-05T23:41:21.982Z-error: Failed to delete patient
2023-07-05T23:41:21.983Z-error: Failed to delete patient from controllerRecordNotFound: Record has not found yet
2023-07-05T23:41:37.218Z-error: Failed to delete patient
2023-07-05T23:41:37.218Z-error: Failed to delete patient
2023-07-05T23:41:37.218Z-error: Failed to delete patient from controllerRecordNotFound: Record has not found yet
2023-07-05T23:41:51.243Z-error: Failed to delete patient
2023-07-05T23:41:51.243Z-error: Failed to delete patient
2023-07-05T23:41:51.243Z-error: Failed to delete patient from controllerRecordNotFound: Record has not found yet
2023-07-05T23:41:56.433Z-error: Failed to delete patient
2023-07-05T23:41:56.433Z-error: Failed to delete patient
2023-07-05T23:41:56.434Z-error: Failed to delete patient from controllerRecordNotFound: Record has not found yet
2023-07-05T23:41:59.711Z-error: Failed to delete patient
2023-07-05T23:41:59.711Z-error: Failed to delete patient
2023-07-05T23:41:59.712Z-error: Failed to delete patient from controllerRecordNotFound: Record has not found yet
2023-07-05T23:42:03.167Z-error: Failed to delete patient
2023-07-05T23:42:03.168Z-error: Failed to delete patient
2023-07-05T23:42:03.168Z-error: Failed to delete patient from controllerRecordNotFound: Record has not found yet
2023-07-05T23:42:06.072Z-error: Failed to delete patient
2023-07-05T23:42:06.072Z-error: Failed to delete patient
2023-07-05T23:42:06.072Z-error: Failed to delete patient from controllerRecordNotFound: Record has not found yet
2023-07-05T23:42:09.835Z-error: Failed to delete patient
2023-07-05T23:42:09.835Z-error: Failed to delete patient
2023-07-05T23:42:09.835Z-error: Failed to delete patient from controllerRecordNotFound: Record has not found yet
2023-07-05T23:42:13.527Z-error: Failed to delete patient
2023-07-05T23:42:13.527Z-error: Failed to delete patient
2023-07-05T23:42:13.528Z-error: Failed to delete patient from controllerRecordNotFound: Record has not found yet
2023-07-05T23:42:36.340Z-error: Failed to delete patient
2023-07-05T23:42:36.340Z-error: Failed to delete patient
2023-07-05T23:42:36.341Z-error: Failed to delete patient from controllerRecordNotFound: Record has not found yet
2023-07-05T23:42:37.222Z-error: Failed to delete patient
2023-07-05T23:42:37.222Z-error: Failed to delete patient
2023-07-05T23:42:37.223Z-error: Failed to delete patient from controllerRecordNotFound: Record has not found yet
2023-07-05T23:47:03.061Z-error: Failed to delete patient
2023-07-05T23:47:03.061Z-error: Failed to delete patient from controllerPatientDeleteError: Failed to delete patient
2023-07-05T23:47:10.094Z-error: Failed to delete patient
2023-07-05T23:47:10.094Z-error: Failed to delete patient from controllerPatientDeleteError: Failed to delete patient
2023-07-05T23:47:11.814Z-error: Failed to delete patient
2023-07-05T23:47:11.814Z-error: Failed to delete patient from controllerPatientDeleteError: Failed to delete patient
2023-07-05T23:58:36.632Z-error: Failed to delete patient
2023-07-05T23:58:36.632Z-error: Failed to delete patient from controllerPatientDeleteError: Failed to delete patient
2023-07-06T00:03:05.416Z-error: Failed to delete patient
2023-07-06T00:03:05.417Z-error: Failed to delete patient from controllerPatientDeleteError: Failed to delete patient
